<?xml version="1.0" encoding="UTF-8"?>
<testsuites name="Mocha Tests" time="202.548" tests="3" failures="2">
  <testsuite name="Root Suite" timestamp="2023-11-02T05:56:35" tests="0" file="cypress\e2e\rheaaa222.cy.js" time="0.000" failures="0">
  </testsuite>
  <testsuite name="RHEA Application" timestamp="2023-11-02T05:56:35" tests="3" time="202.545" failures="2">
    <testcase name="RHEA Application verifies the title" time="0.000" classname="verifies the title">
      <failure message="Timed out retrying after 60000ms: Expected to find element: `[aria-rowindex=&quot;4&quot;] &gt; [aria-colindex=&quot;2&quot;] &gt; .ms-Shimmer-container &gt; .ms-Shimmer-dataWrapper &gt; .containerEditableStyles-273 &gt; .ms-Stack &gt; .truncatableText-290 &gt; .ms-Label &gt; .ms-TooltipHost`, but never found it." type="AssertionError"><![CDATA[AssertionError: Timed out retrying after 60000ms: Expected to find element: `[aria-rowindex="4"] > [aria-colindex="2"] > .ms-Shimmer-container > .ms-Shimmer-dataWrapper > .containerEditableStyles-273 > .ms-Stack > .truncatableText-290 > .ms-Label > .ms-TooltipHost`, but never found it.
    at Context.eval (webpack://cypress-junit-azure-devops/./cypress/e2e/rheaaa222.cy.js:18:13)]]></failure>
    </testcase>
    <testcase name="RHEA Application verifies the name" time="0.000" classname="verifies the name">
      <failure message="Timed out retrying after 60050ms: `cy.click()` failed because this element:

`&lt;span class=&quot;ms-Button-label label-129&quot; id=&quot;id__7&quot;&gt;Edit fi...&lt;/span&gt;`

is being covered by another element:

`&lt;div id=&quot;modalDialogRoot_3_3&quot; tabindex=&quot;-1&quot; class=&quot;pa-f pa-bm pa-a pa-p pa-av flexbox&quot;&gt;...&lt;/div&gt;`

Fix this problem, or use {force: true} to disable error checking.

https://on.cypress.io/element-cannot-be-interacted-with" type="CypressError"><![CDATA[CypressError: Timed out retrying after 60050ms: `cy.click()` failed because this element:

`<span class="ms-Button-label label-129" id="id__7">Edit fi...</span>`

is being covered by another element:

`<div id="modalDialogRoot_3_3" tabindex="-1" class="pa-f pa-bm pa-a pa-p pa-av flexbox">...</div>`

Fix this problem, or use {force: true} to disable error checking.

https://on.cypress.io/element-cannot-be-interacted-with
    at ensureIsDescendent (https://login.microsoftonline.com/__cypress/runner/cypress_runner.js:111897:68)
    at ensureDescendents (https://login.microsoftonline.com/__cypress/runner/cypress_runner.js:111948:5)
    at ensureDescendentsAndScroll (https://login.microsoftonline.com/__cypress/runner/cypress_runner.js:111954:14)
    at ensureElIsNotCovered (https://login.microsoftonline.com/__cypress/runner/cypress_runner.js:112085:5)
    at runAllChecks (https://login.microsoftonline.com/__cypress/runner/cypress_runner.js:112284:52)
    at retryActionability (https://login.microsoftonline.com/__cypress/runner/cypress_runner.js:112321:16)
    at tryCatcher (https://login.microsoftonline.com/__cypress/runner/cypress_runner.js:1807:23)
    at Promise.attempt.Promise.try (https://login.microsoftonline.com/__cypress/runner/cypress_runner.js:4315:29)
    at whenStable (https://login.microsoftonline.com/__cypress/runner/cypress_runner.js:144144:68)
    at <unknown> (https://login.microsoftonline.com/__cypress/runner/cypress_runner.js:144085:14)
    at tryCatcher (https://login.microsoftonline.com/__cypress/runner/cypress_runner.js:1807:23)
    at Promise._settlePromiseFromHandler (https://login.microsoftonline.com/__cypress/runner/cypress_runner.js:1519:31)
    at Promise._settlePromise (https://login.microsoftonline.com/__cypress/runner/cypress_runner.js:1576:18)
    at Promise._settlePromise0 (https://login.microsoftonline.com/__cypress/runner/cypress_runner.js:1621:10)
    at Promise._settlePromises (https://login.microsoftonline.com/__cypress/runner/cypress_runner.js:1701:18)
    at Promise._fulfill (https://login.microsoftonline.com/__cypress/runner/cypress_runner.js:1645:18)
    at <unknown> (https://login.microsoftonline.com/__cypress/runner/cypress_runner.js:5450:46)
From Your Spec Code:
    at Context.eval (webpack://cypress-junit-azure-devops/./cypress/e2e/rheaaa222.cy.js:27:25)]]></failure>
    </testcase>
    <testcase name="RHEA Application verifies the user " time="5.087" classname="verifies the user ">
    </testcase>
  </testsuite>
</testsuites>